
A felhasználó létrejött.


Az engedélyezés sikeresen befejezõdött.

Kapcsolódva.

A típus létrejött.


A tábla létrejött.


A szekvencia létrejött.


A típus létrejött.


A típus létrejött.


A tábla létrejött.


A szekvencia létrejött.


A tábla létrejött.


A tábla létrejött.


1 sor létrejött.


1 sor létrejött.


1 sor létrejött.


1 sor létrejött.


1 sor létrejött.


1 sor létrejött.


1 sor létrejött.


1 sor létrejött.


1 sor létrejött.


1 sor létrejött.


1 sor létrejött.


1 sor létrejött.


1 sor létrejött.


1 sor létrejött.


1 sor létrejött.


1 sor létrejött.


1 sor létrejött.


1 sor létrejött.


1 sor létrejött.


1 sor létrejött.


1 sor létrejött.


1 sor létrejött.


1 sor létrejött.


1 sor létrejött.


1 sor létrejött.


1 sor létrejött.


1 sor létrejött.


1 sor létrejött.


1 sor létrejött.


1 sor létrejött.


1 sor létrejött.


A nézet létrejött.

